running egg_info
creating ../../build/vision/vision.egg-info
writing ../../build/vision/vision.egg-info/PKG-INFO
writing dependency_links to ../../build/vision/vision.egg-info/dependency_links.txt
writing entry points to ../../build/vision/vision.egg-info/entry_points.txt
writing requirements to ../../build/vision/vision.egg-info/requires.txt
writing top-level names to ../../build/vision/vision.egg-info/top_level.txt
writing manifest file '../../build/vision/vision.egg-info/SOURCES.txt'
reading manifest file '../../build/vision/vision.egg-info/SOURCES.txt'
writing manifest file '../../build/vision/vision.egg-info/SOURCES.txt'
running build
running build_py
creating /workspace/autopilot/build/vision/build
creating /workspace/autopilot/build/vision/build/lib
creating /workspace/autopilot/build/vision/build/lib/vision
copying vision/__init__.py -> /workspace/autopilot/build/vision/build/lib/vision
running install
running install_lib
creating /workspace/autopilot/install/vision/lib/python3.8/site-packages/vision
copying /workspace/autopilot/build/vision/build/lib/vision/__init__.py -> /workspace/autopilot/install/vision/lib/python3.8/site-packages/vision
byte-compiling /workspace/autopilot/install/vision/lib/python3.8/site-packages/vision/__init__.py to __init__.cpython-38.pyc
running install_data
creating /workspace/autopilot/install/vision/share/ament_index
creating /workspace/autopilot/install/vision/share/ament_index/resource_index
creating /workspace/autopilot/install/vision/share/ament_index/resource_index/packages
copying resource/vision -> /workspace/autopilot/install/vision/share/ament_index/resource_index/packages
copying package.xml -> /workspace/autopilot/install/vision/share/vision
running install_egg_info
Copying ../../build/vision/vision.egg-info to /workspace/autopilot/install/vision/lib/python3.8/site-packages/vision-0.0.0-py3.8.egg-info
running install_scripts
writing list of installed files to '/workspace/autopilot/build/vision/install.log'
