[3.029s] Invoking command in '/workspace/autopilot/src/vision': PYTHONPATH=/workspace/autopilot/build/vision/prefix_override:/workspace/autopilot/install/vision/lib/python3.8/site-packages:${PYTHONPATH} /usr/bin/python3 -W ignore:setup.py install is deprecated setup.py egg_info --egg-base ../../build/vision build --build-base /workspace/autopilot/build/vision/build install --record /workspace/autopilot/build/vision/install.log --install-scripts $base/lib/vision --single-version-externally-managed install_data
[3.894s] running egg_info
[3.896s] creating ../../build/vision/vision.egg-info
[3.897s] writing ../../build/vision/vision.egg-info/PKG-INFO
[3.898s] writing dependency_links to ../../build/vision/vision.egg-info/dependency_links.txt
[3.898s] writing entry points to ../../build/vision/vision.egg-info/entry_points.txt
[3.898s] writing requirements to ../../build/vision/vision.egg-info/requires.txt
[3.900s] writing top-level names to ../../build/vision/vision.egg-info/top_level.txt
[3.902s] writing manifest file '../../build/vision/vision.egg-info/SOURCES.txt'
[4.026s] reading manifest file '../../build/vision/vision.egg-info/SOURCES.txt'
[4.029s] writing manifest file '../../build/vision/vision.egg-info/SOURCES.txt'
[4.030s] running build
[4.030s] running build_py
[4.030s] creating /workspace/autopilot/build/vision/build
[4.030s] creating /workspace/autopilot/build/vision/build/lib
[4.030s] creating /workspace/autopilot/build/vision/build/lib/vision
[4.031s] copying vision/__init__.py -> /workspace/autopilot/build/vision/build/lib/vision
[4.032s] running install
[4.033s] running install_lib
[4.036s] creating /workspace/autopilot/install/vision/lib/python3.8/site-packages/vision
[4.036s] copying /workspace/autopilot/build/vision/build/lib/vision/__init__.py -> /workspace/autopilot/install/vision/lib/python3.8/site-packages/vision
[4.039s] byte-compiling /workspace/autopilot/install/vision/lib/python3.8/site-packages/vision/__init__.py to __init__.cpython-38.pyc
[4.043s] running install_data
[4.045s] creating /workspace/autopilot/install/vision/share/ament_index
[4.046s] creating /workspace/autopilot/install/vision/share/ament_index/resource_index
[4.046s] creating /workspace/autopilot/install/vision/share/ament_index/resource_index/packages
[4.046s] copying resource/vision -> /workspace/autopilot/install/vision/share/ament_index/resource_index/packages
[4.047s] copying package.xml -> /workspace/autopilot/install/vision/share/vision
[4.047s] running install_egg_info
[4.053s] Copying ../../build/vision/vision.egg-info to /workspace/autopilot/install/vision/lib/python3.8/site-packages/vision-0.0.0-py3.8.egg-info
[4.065s] running install_scripts
[4.160s] writing list of installed files to '/workspace/autopilot/build/vision/install.log'
[4.253s] Invoked command in '/workspace/autopilot/src/vision' returned '0': PYTHONPATH=/workspace/autopilot/build/vision/prefix_override:/workspace/autopilot/install/vision/lib/python3.8/site-packages:${PYTHONPATH} /usr/bin/python3 -W ignore:setup.py install is deprecated setup.py egg_info --egg-base ../../build/vision build --build-base /workspace/autopilot/build/vision/build install --record /workspace/autopilot/build/vision/install.log --install-scripts $base/lib/vision --single-version-externally-managed install_data
