running egg_info
writing ../../build/vision/vision.egg-info/PKG-INFO
writing dependency_links to ../../build/vision/vision.egg-info/dependency_links.txt
writing entry points to ../../build/vision/vision.egg-info/entry_points.txt
writing requirements to ../../build/vision/vision.egg-info/requires.txt
writing top-level names to ../../build/vision/vision.egg-info/top_level.txt
reading manifest file '../../build/vision/vision.egg-info/SOURCES.txt'
writing manifest file '../../build/vision/vision.egg-info/SOURCES.txt'
running build
running build_py
copying vision/test_node.py -> /workspace/autopilot/build/vision/build/lib/vision
copying vision/inference.py -> /workspace/autopilot/build/vision/build/lib/vision
running install
running install_lib
copying /workspace/autopilot/build/vision/build/lib/vision/test_node.py -> /workspace/autopilot/install/vision/lib/python3.8/site-packages/vision
copying /workspace/autopilot/build/vision/build/lib/vision/inference.py -> /workspace/autopilot/install/vision/lib/python3.8/site-packages/vision
byte-compiling /workspace/autopilot/install/vision/lib/python3.8/site-packages/vision/test_node.py to test_node.cpython-38.pyc
byte-compiling /workspace/autopilot/install/vision/lib/python3.8/site-packages/vision/inference.py to inference.cpython-38.pyc
running install_data
running install_egg_info
removing '/workspace/autopilot/install/vision/lib/python3.8/site-packages/vision-0.0.0-py3.8.egg-info' (and everything under it)
Copying ../../build/vision/vision.egg-info to /workspace/autopilot/install/vision/lib/python3.8/site-packages/vision-0.0.0-py3.8.egg-info
running install_scripts
Installing test_node script to /workspace/autopilot/install/vision/lib/vision
writing list of installed files to '/workspace/autopilot/build/vision/install.log'
