[3.668s] Invoking command in '/workspace/autopilot/src/vision': PYTHONPATH=/workspace/autopilot/build/vision/prefix_override:/workspace/autopilot/install/vision/lib/python3.8/site-packages:${PYTHONPATH} /usr/bin/python3 -W ignore:setup.py install is deprecated setup.py egg_info --egg-base ../../build/vision build --build-base /workspace/autopilot/build/vision/build install --record /workspace/autopilot/build/vision/install.log --install-scripts $base/lib/vision --single-version-externally-managed install_data
[4.736s] running egg_info
[4.737s] writing ../../build/vision/vision.egg-info/PKG-INFO
[4.738s] writing dependency_links to ../../build/vision/vision.egg-info/dependency_links.txt
[4.738s] writing entry points to ../../build/vision/vision.egg-info/entry_points.txt
[4.738s] writing requirements to ../../build/vision/vision.egg-info/requires.txt
[4.739s] writing top-level names to ../../build/vision/vision.egg-info/top_level.txt
[4.927s] reading manifest file '../../build/vision/vision.egg-info/SOURCES.txt'
[4.930s] writing manifest file '../../build/vision/vision.egg-info/SOURCES.txt'
[4.930s] running build
[4.931s] running build_py
[4.934s] copying vision/test_node.py -> /workspace/autopilot/build/vision/build/lib/vision
[4.935s] copying vision/inference.py -> /workspace/autopilot/build/vision/build/lib/vision
[4.935s] running install
[4.936s] running install_lib
[4.938s] copying /workspace/autopilot/build/vision/build/lib/vision/test_node.py -> /workspace/autopilot/install/vision/lib/python3.8/site-packages/vision
[4.939s] copying /workspace/autopilot/build/vision/build/lib/vision/inference.py -> /workspace/autopilot/install/vision/lib/python3.8/site-packages/vision
[4.940s] byte-compiling /workspace/autopilot/install/vision/lib/python3.8/site-packages/vision/test_node.py to test_node.cpython-38.pyc
[4.949s] byte-compiling /workspace/autopilot/install/vision/lib/python3.8/site-packages/vision/inference.py to inference.cpython-38.pyc
[4.951s] running install_data
[4.951s] running install_egg_info
[4.959s] removing '/workspace/autopilot/install/vision/lib/python3.8/site-packages/vision-0.0.0-py3.8.egg-info' (and everything under it)
[4.959s] Copying ../../build/vision/vision.egg-info to /workspace/autopilot/install/vision/lib/python3.8/site-packages/vision-0.0.0-py3.8.egg-info
[4.962s] running install_scripts
[5.071s] Installing test_node script to /workspace/autopilot/install/vision/lib/vision
[5.077s] writing list of installed files to '/workspace/autopilot/build/vision/install.log'
[5.219s] Invoked command in '/workspace/autopilot/src/vision' returned '0': PYTHONPATH=/workspace/autopilot/build/vision/prefix_override:/workspace/autopilot/install/vision/lib/python3.8/site-packages:${PYTHONPATH} /usr/bin/python3 -W ignore:setup.py install is deprecated setup.py egg_info --egg-base ../../build/vision build --build-base /workspace/autopilot/build/vision/build install --record /workspace/autopilot/build/vision/install.log --install-scripts $base/lib/vision --single-version-externally-managed install_data
